Using pre-set license
Built from '2020.3/staging' branch; Version is '2020.3.48f1 (b805b124c6b7) revision 12060081'; Using compiler version '192528614'; Build Type 'Release'
OS: 'Windows 10  (10.0.19045) 64bit Professional' Language: 'pt' Physical Memory: 65349 MB
BatchMode: 1, IsHumanControllingUs: 0, StartBugReporterOnCrash: 0, Is64bit: 1, IsPro: 0

COMMAND LINE ARGUMENTS:
C:\Program Files\Unity\Hub\Editor\2020.3.48f1\Editor\Unity.exe
-adb2
-batchMode
-noUpm
-name
AssetImportWorker0
-projectPath
C:/Users/andre.bronca/Mentorama_Unity_Iniciante/modulo07/Mod07
-logFile
Logs/AssetImportWorker0.log
-srvPort
50841
Successfully changed project path to: C:/Users/andre.bronca/Mentorama_Unity_Iniciante/modulo07/Mod07
C:/Users/andre.bronca/Mentorama_Unity_Iniciante/modulo07/Mod07
Using Asset Import Pipeline V2.
Player connection [25136] Host "[IP] 179.106.216.143 [Port] 1073959456 [Flags] 2 [Guid] 641435126 [EditorId] 641435126 [Version] 1048832 [Id] WindowsEditor(7,W026894) [Debug] 1 [PackageName] WindowsEditor [ProjectName] Editor" joined multi-casting on [225.0.0.222:54997]...

Player connection [25136] Host "[IP] 179.106.216.143 [Port] 1073959456 [Flags] 2 [Guid] 641435126 [EditorId] 641435126 [Version] 1048832 [Id] WindowsEditor(7,W026894) [Debug] 1 [PackageName] WindowsEditor [ProjectName] Editor" joined alternative multi-casting on [225.0.0.222:34997]...

Refreshing native plugins compatible for Editor in 24.92 ms, found 2 plugins.
Preloading 0 native plugins for Editor in 0.00 ms.
Initialize engine version: 2020.3.48f1 (b805b124c6b7)
[Subsystems] Discovering subsystems at path C:/Program Files/Unity/Hub/Editor/2020.3.48f1/Editor/Data/Resources/UnitySubsystems
[Subsystems] Discovering subsystems at path C:/Users/andre.bronca/Mentorama_Unity_Iniciante/modulo07/Mod07/Assets
GfxDevice: creating device client; threaded=0
Direct3D:
    Version:  Direct3D 11.0 [level 11.1]
    Renderer: NVIDIA RTX A4000 (ID=0x24b0)
    Vendor:   
    VRAM:     16169 MB
    Driver:   31.0.15.5123
Initialize mono
Mono path[0] = 'C:/Program Files/Unity/Hub/Editor/2020.3.48f1/Editor/Data/Managed'
Mono path[1] = 'C:/Program Files/Unity/Hub/Editor/2020.3.48f1/Editor/Data/MonoBleedingEdge/lib/mono/unityjit'
Mono config path = 'C:/Program Files/Unity/Hub/Editor/2020.3.48f1/Editor/Data/MonoBleedingEdge/etc'
Using monoOptions --debugger-agent=transport=dt_socket,embedding=1,server=y,suspend=n,address=127.0.0.1:56732
Begin MonoManager ReloadAssembly
Registering precompiled unity dll's ...
Register platform support module: C:/Program Files/Unity/Hub/Editor/2020.3.48f1/Editor/Data/PlaybackEngines/WebGLSupport/UnityEditor.WebGL.Extensions.dll
Register platform support module: C:/Program Files/Unity/Hub/Editor/2020.3.48f1/Editor/Data/PlaybackEngines/WindowsStandaloneSupport/UnityEditor.WindowsStandalone.Extensions.dll
Registered in 0.002110 seconds.
Native extension for WindowsStandalone target not found
Native extension for WebGL target not found
Refreshing native plugins compatible for Editor in 23.34 ms, found 2 plugins.
Preloading 0 native plugins for Editor in 0.00 ms.
Mono: successfully reloaded assembly
- Completed reload, in  0.473 seconds
Domain Reload Profiling:
	ReloadAssembly (473ms)
		BeginReloadAssembly (55ms)
			ExecutionOrderSort (0ms)
			DisableScriptedObjects (0ms)
			BackupInstance (0ms)
			ReleaseScriptingObjects (0ms)
			CreateAndSetChildDomain (1ms)
		EndReloadAssembly (358ms)
			LoadAssemblies (53ms)
			RebuildTransferFunctionScriptingTraits (0ms)
			SetupTypeCache (109ms)
			ReleaseScriptCaches (0ms)
			RebuildScriptCaches (29ms)
			SetupLoadedEditorAssemblies (134ms)
				LogAssemblyErrors (0ms)
				InitializePlatformSupportModulesInManaged (5ms)
				SetLoadedEditorAssemblies (0ms)
				RefreshPlugins (23ms)
				BeforeProcessingInitializeOnLoad (13ms)
				ProcessInitializeOnLoadAttributes (71ms)
				ProcessInitializeOnLoadMethodAttributes (22ms)
				AfterProcessingInitializeOnLoad (0ms)
				EditorAssembliesLoaded (0ms)
			ExecutionOrderSort2 (0ms)
			AwakeInstancesAfterBackupRestoration (0ms)
Platform modules already initialized, skipping
Registering precompiled user dll's ...
Registered in 0.002233 seconds.
Begin MonoManager ReloadAssembly
Native extension for WindowsStandalone target not found
Native extension for WebGL target not found
Refreshing native plugins compatible for Editor in 0.32 ms, found 2 plugins.
Preloading 0 native plugins for Editor in 0.00 ms.
Mono: successfully reloaded assembly
- Completed reload, in  0.898 seconds
Domain Reload Profiling:
	ReloadAssembly (898ms)
		BeginReloadAssembly (116ms)
			ExecutionOrderSort (0ms)
			DisableScriptedObjects (4ms)
			BackupInstance (0ms)
			ReleaseScriptingObjects (0ms)
			CreateAndSetChildDomain (16ms)
		EndReloadAssembly (732ms)
			LoadAssemblies (77ms)
			RebuildTransferFunctionScriptingTraits (0ms)
			SetupTypeCache (190ms)
			ReleaseScriptCaches (0ms)
			RebuildScriptCaches (40ms)
			SetupLoadedEditorAssemblies (371ms)
				LogAssemblyErrors (0ms)
				InitializePlatformSupportModulesInManaged (5ms)
				SetLoadedEditorAssemblies (0ms)
				RefreshPlugins (0ms)
				BeforeProcessingInitializeOnLoad (71ms)
				ProcessInitializeOnLoadAttributes (279ms)
				ProcessInitializeOnLoadMethodAttributes (7ms)
				AfterProcessingInitializeOnLoad (7ms)
				EditorAssembliesLoaded (0ms)
			ExecutionOrderSort2 (0ms)
			AwakeInstancesAfterBackupRestoration (2ms)
Platform modules already initialized, skipping
========================================================================
Worker process is ready to serve import requests
Launched and connected shader compiler UnityShaderCompiler.exe after 0.03 seconds
Refreshing native plugins compatible for Editor in 0.18 ms, found 2 plugins.
Preloading 0 native plugins for Editor in 0.00 ms.
Unloading 1345 Unused Serialized files (Serialized files now loaded: 0)
System memory in use before: 66.0 MB.
System memory in use after: 66.0 MB.

Unloading 16 unused Assets to reduce memory usage. Loaded Objects now: 1782.
Total: 1.424800 ms (FindLiveObjects: 0.059100 ms CreateObjectMapping: 0.016500 ms MarkObjects: 1.300300 ms  DeleteObjects: 0.048100 ms)

AssetImportParameters requested are different than current active one (requested -> active):
  custom:framework-win-MediaFoundation: 216162199b28c13a410421893ffa2e32 -> 
  custom:video-decoder-ogg-theora: a1e56fd34408186e4bbccfd4996cb3dc -> 
  custom:container-muxer-webm: aa71ff27fc2769a1b78a27578f13a17b -> 
  custom:container-demuxer-webm: 4f35f7cbe854078d1ac9338744f61a02 -> 
  custom:container-demuxer-ogg: 62fdf1f143b41e24485cea50d1cbac27 -> 
  custom:video-encoder-webm-vp8: eb34c28f22e8b96e1ab97ce403110664 -> 
  custom:video-decoder-webm-vp8: 9c59270c3fd7afecdb556c50c9e8de78 -> 
  custom:audio-decoder-ogg-vorbis: bf7c407c2cedff20999df2af8eb42d56 -> 
  custom:audio-encoder-webm-vorbis: bf7c407c2cedff20999df2af8eb42d56 -> 
========================================================================
Received Import Request.
  path: Assets/Scripts/Aulas_anteriores/Program.cs
  artifactKey: Guid(2c2ef9552e9f7ac409634f5d01f266ba) Importer(815301076,1909f56bfc062723c751e8b465ee728b)
Start importing Assets/Scripts/Aulas_anteriores/Program.cs using Guid(2c2ef9552e9f7ac409634f5d01f266ba) Importer(815301076,1909f56bfc062723c751e8b465ee728b)  -> (artifact id: '07f2da8f3b17676e969c407d808a11ae') in 0.015747 seconds 
========================================================================
Received Prepare
Registering precompiled user dll's ...
Registered in 0.001987 seconds.
Begin MonoManager ReloadAssembly
Native extension for WindowsStandalone target not found
Native extension for WebGL target not found
Refreshing native plugins compatible for Editor in 0.36 ms, found 2 plugins.
Preloading 0 native plugins for Editor in 0.00 ms.
Mono: successfully reloaded assembly
- Completed reload, in  0.860 seconds
Domain Reload Profiling:
	ReloadAssembly (861ms)
		BeginReloadAssembly (99ms)
			ExecutionOrderSort (0ms)
			DisableScriptedObjects (4ms)
			BackupInstance (0ms)
			ReleaseScriptingObjects (0ms)
			CreateAndSetChildDomain (27ms)
		EndReloadAssembly (712ms)
			LoadAssemblies (76ms)
			RebuildTransferFunctionScriptingTraits (0ms)
			SetupTypeCache (213ms)
			ReleaseScriptCaches (1ms)
			RebuildScriptCaches (36ms)
			SetupLoadedEditorAssemblies (331ms)
				LogAssemblyErrors (0ms)
				InitializePlatformSupportModulesInManaged (5ms)
				SetLoadedEditorAssemblies (0ms)
				RefreshPlugins (0ms)
				BeforeProcessingInitializeOnLoad (65ms)
				ProcessInitializeOnLoadAttributes (246ms)
				ProcessInitializeOnLoadMethodAttributes (7ms)
				AfterProcessingInitializeOnLoad (7ms)
				EditorAssembliesLoaded (0ms)
			ExecutionOrderSort2 (0ms)
			AwakeInstancesAfterBackupRestoration (2ms)
Platform modules already initialized, skipping
Refreshing native plugins compatible for Editor in 0.19 ms, found 2 plugins.
Preloading 0 native plugins for Editor in 0.00 ms.
Unloading 1326 Unused Serialized files (Serialized files now loaded: 0)
System memory in use before: 64.5 MB.
System memory in use after: 64.6 MB.

Unloading 11 unused Assets to reduce memory usage. Loaded Objects now: 1785.
Total: 1.900800 ms (FindLiveObjects: 0.095500 ms CreateObjectMapping: 0.030700 ms MarkObjects: 1.757200 ms  DeleteObjects: 0.016700 ms)

AssetImportParameters requested are different than current active one (requested -> active):
  custom:framework-win-MediaFoundation: 216162199b28c13a410421893ffa2e32 -> 
  custom:video-decoder-ogg-theora: a1e56fd34408186e4bbccfd4996cb3dc -> 
  custom:container-muxer-webm: aa71ff27fc2769a1b78a27578f13a17b -> 
  custom:container-demuxer-webm: 4f35f7cbe854078d1ac9338744f61a02 -> 
  custom:container-demuxer-ogg: 62fdf1f143b41e24485cea50d1cbac27 -> 
  custom:video-encoder-webm-vp8: eb34c28f22e8b96e1ab97ce403110664 -> 
  custom:video-decoder-webm-vp8: 9c59270c3fd7afecdb556c50c9e8de78 -> 
  custom:audio-decoder-ogg-vorbis: bf7c407c2cedff20999df2af8eb42d56 -> 
  custom:audio-encoder-webm-vorbis: bf7c407c2cedff20999df2af8eb42d56 -> 
========================================================================
Received Import Request.
  Time since last request: 317.435734 seconds.
  path: Assets/Scripts/Aulas_anteriores/Program.cs
  artifactKey: Guid(2c2ef9552e9f7ac409634f5d01f266ba) Importer(815301076,1909f56bfc062723c751e8b465ee728b)
Start importing Assets/Scripts/Aulas_anteriores/Program.cs using Guid(2c2ef9552e9f7ac409634f5d01f266ba) Importer(815301076,1909f56bfc062723c751e8b465ee728b)  -> (artifact id: '00000000000000000000000000000000') in 0.001341 seconds  code(4) message(Build asset version error: assets/scripts/aulas_anteriores/program.cs in SourceAssetDB has modification time of '2024-08-08T17:24:37.3242714Z' while content on disk has modification time of '2024-08-08T17:26:48.2438255Z')
  ERROR: Build asset version error: assets/scripts/aulas_anteriores/program.cs in SourceAssetDB has modification time of '2024-08-08T17:24:37.3242714Z' while content on disk has modification time of '2024-08-08T17:26:48.2438255Z'
========================================================================
Received Import Request.
  Time since last request: 12.801228 seconds.
  path: Assets/Scripts/Aulas_anteriores/ProgramMod8_2.cs
  artifactKey: Guid(30283daf06d341b4682cc3cfc008d456) Importer(815301076,1909f56bfc062723c751e8b465ee728b)
Start importing Assets/Scripts/Aulas_anteriores/ProgramMod8_2.cs using Guid(30283daf06d341b4682cc3cfc008d456) Importer(815301076,1909f56bfc062723c751e8b465ee728b)  -> (artifact id: '90f7c19f617cba92e00d2bc2f06839a1') in 0.003018 seconds 
========================================================================
Received Import Request.
  Time since last request: 190.795452 seconds.
  path: Assets/Scripts/Combate/Combat.cs
  artifactKey: Guid(7d8b50d7d5578f74fb19c0ce77f4b926) Importer(815301076,1909f56bfc062723c751e8b465ee728b)
Start importing Assets/Scripts/Combate/Combat.cs using Guid(7d8b50d7d5578f74fb19c0ce77f4b926) Importer(815301076,1909f56bfc062723c751e8b465ee728b)  -> (artifact id: '3afa413653f0fd6fbf839a9fb5152321') in 0.001891 seconds 
========================================================================
Received Import Request.
  Time since last request: 39.888781 seconds.
  path: Assets/Scripts/Combate/Sword.cs
  artifactKey: Guid(39284c7b5402c8c4b91399ce6e10da6d) Importer(815301076,1909f56bfc062723c751e8b465ee728b)
Start importing Assets/Scripts/Combate/Sword.cs using Guid(39284c7b5402c8c4b91399ce6e10da6d) Importer(815301076,1909f56bfc062723c751e8b465ee728b)  -> (artifact id: 'eb1ab9b1754b309a97dab49ef061c59f') in 0.001699 seconds 
========================================================================
Received Import Request.
  Time since last request: 8.240488 seconds.
  path: Assets/Scripts/Combate/Weapon.cs
  artifactKey: Guid(96d14cbeb3f56854cb78f4ad8f6dfd1f) Importer(815301076,1909f56bfc062723c751e8b465ee728b)
Start importing Assets/Scripts/Combate/Weapon.cs using Guid(96d14cbeb3f56854cb78f4ad8f6dfd1f) Importer(815301076,1909f56bfc062723c751e8b465ee728b)  -> (artifact id: '324921c58382d611c8f3123d73e2acd6') in 0.001513 seconds 
========================================================================
Received Import Request.
  Time since last request: 30.198997 seconds.
  path: Assets/Scripts/Patrol/Patrol.cs
  artifactKey: Guid(cbd31ed7384e27741893d52f38edcdbb) Importer(815301076,1909f56bfc062723c751e8b465ee728b)
Start importing Assets/Scripts/Patrol/Patrol.cs using Guid(cbd31ed7384e27741893d52f38edcdbb) Importer(815301076,1909f56bfc062723c751e8b465ee728b)  -> (artifact id: '5dbdca1e99fc19f5429df2b18ba5828c') in 0.001628 seconds 
========================================================================
Received Import Request.
  Time since last request: 127.258994 seconds.
  path: Assets/Scripts/Patrol/PatrollingEnemy.cs
  artifactKey: Guid(b1d7fc356ab4a9441a4d59b8a6b526bf) Importer(815301076,1909f56bfc062723c751e8b465ee728b)
Start importing Assets/Scripts/Patrol/PatrollingEnemy.cs using Guid(b1d7fc356ab4a9441a4d59b8a6b526bf) Importer(815301076,1909f56bfc062723c751e8b465ee728b)  -> (artifact id: '71b23c47a3a1236e4ac287a75a615828') in 0.001622 seconds 
========================================================================
Received Import Request.
  Time since last request: 4.059928 seconds.
  path: Assets/Scripts/Patrol/PatrolView.cs
  artifactKey: Guid(1eed6d4358d62c54386bcfca8d528529) Importer(815301076,1909f56bfc062723c751e8b465ee728b)
Start importing Assets/Scripts/Patrol/PatrolView.cs using Guid(1eed6d4358d62c54386bcfca8d528529) Importer(815301076,1909f56bfc062723c751e8b465ee728b)  -> (artifact id: '56f1e88b8cd40252a33919792910d292') in 0.001591 seconds 
AssetImportWorkerClient::OnTransportError - code=2 error=End of file
